<?xml version="1.0" encoding="UTF-8"?>
<!-- Generated by org.testng.reporters.JUnitReportReporter -->
<testsuite hostname="CTSNJY21771" name="com.tests.LoginPageTest" tests="1" failures="0" timestamp="19 Jan 2016 05:09:04 GMT" time="4.214" errors="0">
  <testcase name="testLoginPage" time="4.214" classname="com.tests.LoginPageTest"/>
</testsuite> <!-- com.tests.LoginPageTest -->
